{
  "stats": {
    "suites": 1,
    "tests": 4,
    "passes": 4,
    "pending": 0,
    "failures": 0,
    "start": "2024-07-29T14:42:58.328Z",
    "end": "2024-07-29T14:43:05.916Z",
    "duration": 7588,
    "testsRegistered": 4,
    "passPercent": 100,
    "pendingPercent": 0,
    "other": 0,
    "hasOther": false,
    "skipped": 0,
    "hasSkipped": false
  },
  "results": [
    {
      "uuid": "f6f9a874-6dc8-409d-8217-a1d6b561f73c",
      "title": "",
      "fullFile": "cypress\\e2e\\tests\\signup.feature",
      "file": "cypress\\e2e\\tests\\signup.feature",
      "beforeHooks": [],
      "afterHooks": [],
      "tests": [],
      "suites": [
        {
          "uuid": "892e38b5-b69f-471c-9892-c06605d2ed5c",
          "title": "Verify Sign up",
          "fullFile": "",
          "file": "",
          "beforeHooks": [],
          "afterHooks": [],
          "tests": [
            {
              "title": "User signs up with empty Username",
              "fullTitle": "Verify Sign up User signs up with empty Username",
              "timedOut": null,
              "duration": 2615,
              "state": "passed",
              "speed": "fast",
              "pass": true,
              "fail": false,
              "pending": false,
              "context": null,
              "code": "const state = window.testState;\nreturn cy\n  .then(() => state.onStartScenario(scenario, indexedSteps))\n  .then(() =>\n    resolveAndRunBeforeHooks.call(this, scenario.tags, state.feature.name)\n  )\n  .then(() =>\n    indexedSteps.forEach((step) =>\n      stepTest.call(this, state, step, rowData)\n    )\n  )\n  .then(() => state.onFinishScenario(scenario));",
              "err": {},
              "uuid": "585029e3-c724-4961-8c1f-ee793b47470b",
              "parentUUID": "892e38b5-b69f-471c-9892-c06605d2ed5c",
              "isHook": false,
              "skipped": false
            },
            {
              "title": "User signs up with empty Email",
              "fullTitle": "Verify Sign up User signs up with empty Email",
              "timedOut": null,
              "duration": 1626,
              "state": "passed",
              "speed": "fast",
              "pass": true,
              "fail": false,
              "pending": false,
              "context": null,
              "code": "const state = window.testState;\nreturn cy\n  .then(() => state.onStartScenario(scenario, indexedSteps))\n  .then(() =>\n    resolveAndRunBeforeHooks.call(this, scenario.tags, state.feature.name)\n  )\n  .then(() =>\n    indexedSteps.forEach((step) =>\n      stepTest.call(this, state, step, rowData)\n    )\n  )\n  .then(() => state.onFinishScenario(scenario));",
              "err": {},
              "uuid": "ef551217-3d8f-40f4-bfd2-59c0f3a9d2f3",
              "parentUUID": "892e38b5-b69f-471c-9892-c06605d2ed5c",
              "isHook": false,
              "skipped": false
            },
            {
              "title": "User signs up with empty Password",
              "fullTitle": "Verify Sign up User signs up with empty Password",
              "timedOut": null,
              "duration": 1381,
              "state": "passed",
              "speed": "fast",
              "pass": true,
              "fail": false,
              "pending": false,
              "context": null,
              "code": "const state = window.testState;\nreturn cy\n  .then(() => state.onStartScenario(scenario, indexedSteps))\n  .then(() =>\n    resolveAndRunBeforeHooks.call(this, scenario.tags, state.feature.name)\n  )\n  .then(() =>\n    indexedSteps.forEach((step) =>\n      stepTest.call(this, state, step, rowData)\n    )\n  )\n  .then(() => state.onFinishScenario(scenario));",
              "err": {},
              "uuid": "a47f0003-2c72-43f8-a272-c727953a200a",
              "parentUUID": "892e38b5-b69f-471c-9892-c06605d2ed5c",
              "isHook": false,
              "skipped": false
            },
            {
              "title": "User signs up with valid data",
              "fullTitle": "Verify Sign up User signs up with valid data",
              "timedOut": null,
              "duration": 1695,
              "state": "passed",
              "speed": "fast",
              "pass": true,
              "fail": false,
              "pending": false,
              "context": null,
              "code": "const state = window.testState;\nreturn cy\n  .then(() => state.onStartScenario(scenario, indexedSteps))\n  .then(() =>\n    resolveAndRunBeforeHooks.call(this, scenario.tags, state.feature.name)\n  )\n  .then(() =>\n    indexedSteps.forEach((step) =>\n      stepTest.call(this, state, step, rowData)\n    )\n  )\n  .then(() => state.onFinishScenario(scenario));",
              "err": {},
              "uuid": "6e248a6f-670d-4d26-b5bb-0df69fb6e920",
              "parentUUID": "892e38b5-b69f-471c-9892-c06605d2ed5c",
              "isHook": false,
              "skipped": false
            }
          ],
          "suites": [],
          "passes": [
            "585029e3-c724-4961-8c1f-ee793b47470b",
            "ef551217-3d8f-40f4-bfd2-59c0f3a9d2f3",
            "a47f0003-2c72-43f8-a272-c727953a200a",
            "6e248a6f-670d-4d26-b5bb-0df69fb6e920"
          ],
          "failures": [],
          "pending": [],
          "skipped": [],
          "duration": 7317,
          "root": false,
          "rootEmpty": false,
          "_timeout": 2000
        }
      ],
      "passes": [],
      "failures": [],
      "pending": [],
      "skipped": [],
      "duration": 0,
      "root": true,
      "rootEmpty": true,
      "_timeout": 2000
    }
  ],
  "meta": {
    "mocha": {
      "version": "7.0.1"
    },
    "mochawesome": {
      "options": {
        "quiet": false,
        "reportFilename": "mochawesome",
        "saveHtml": true,
        "saveJson": true,
        "consoleReporter": "spec",
        "useInlineDiffs": false,
        "code": true
      },
      "version": "6.3.1"
    },
    "marge": {
      "options": {
        "reportDir": "mochawesome-report",
        "overwrite": false,
        "html": true,
        "json": true
      },
      "version": "5.2.0"
    }
  }
}