{
  "stats": {
    "suites": 1,
    "tests": 4,
    "passes": 4,
    "pending": 0,
    "failures": 0,
    "start": "2024-07-29T16:55:59.734Z",
    "end": "2024-07-29T16:56:05.295Z",
    "duration": 5561,
    "testsRegistered": 4,
    "passPercent": 100,
    "pendingPercent": 0,
    "other": 0,
    "hasOther": false,
    "skipped": 0,
    "hasSkipped": false
  },
  "results": [
    {
      "uuid": "af470367-3f0f-4331-b8c9-1e7b41e80bf0",
      "title": "",
      "fullFile": "cypress\\e2e\\tests\\signup.feature",
      "file": "cypress\\e2e\\tests\\signup.feature",
      "beforeHooks": [],
      "afterHooks": [],
      "tests": [],
      "suites": [
        {
          "uuid": "6b9bd77d-265b-4195-aaa8-2235ea170e52",
          "title": "Verify Sign up",
          "fullFile": "",
          "file": "",
          "beforeHooks": [],
          "afterHooks": [],
          "tests": [
            {
              "title": "User signs up with empty Username",
              "fullTitle": "Verify Sign up User signs up with empty Username",
              "timedOut": null,
              "duration": 1705,
              "state": "passed",
              "speed": "fast",
              "pass": true,
              "fail": false,
              "pending": false,
              "context": null,
              "code": "const state = window.testState;\nreturn cy\n  .then(() => state.onStartScenario(scenario, indexedSteps))\n  .then(() =>\n    resolveAndRunBeforeHooks.call(this, scenario.tags, state.feature.name)\n  )\n  .then(() =>\n    indexedSteps.forEach((step) =>\n      stepTest.call(this, state, step, rowData)\n    )\n  )\n  .then(() => state.onFinishScenario(scenario));",
              "err": {},
              "uuid": "d593c0eb-fa35-4dbb-88e8-6d758b24f1f7",
              "parentUUID": "6b9bd77d-265b-4195-aaa8-2235ea170e52",
              "isHook": false,
              "skipped": false
            },
            {
              "title": "User signs up with empty Email",
              "fullTitle": "Verify Sign up User signs up with empty Email",
              "timedOut": null,
              "duration": 889,
              "state": "passed",
              "speed": "fast",
              "pass": true,
              "fail": false,
              "pending": false,
              "context": null,
              "code": "const state = window.testState;\nreturn cy\n  .then(() => state.onStartScenario(scenario, indexedSteps))\n  .then(() =>\n    resolveAndRunBeforeHooks.call(this, scenario.tags, state.feature.name)\n  )\n  .then(() =>\n    indexedSteps.forEach((step) =>\n      stepTest.call(this, state, step, rowData)\n    )\n  )\n  .then(() => state.onFinishScenario(scenario));",
              "err": {},
              "uuid": "ffe2c9c0-be99-41dd-8912-d2b54ef43f24",
              "parentUUID": "6b9bd77d-265b-4195-aaa8-2235ea170e52",
              "isHook": false,
              "skipped": false
            },
            {
              "title": "User signs up with empty Password",
              "fullTitle": "Verify Sign up User signs up with empty Password",
              "timedOut": null,
              "duration": 1578,
              "state": "passed",
              "speed": "fast",
              "pass": true,
              "fail": false,
              "pending": false,
              "context": null,
              "code": "const state = window.testState;\nreturn cy\n  .then(() => state.onStartScenario(scenario, indexedSteps))\n  .then(() =>\n    resolveAndRunBeforeHooks.call(this, scenario.tags, state.feature.name)\n  )\n  .then(() =>\n    indexedSteps.forEach((step) =>\n      stepTest.call(this, state, step, rowData)\n    )\n  )\n  .then(() => state.onFinishScenario(scenario));",
              "err": {},
              "uuid": "85ed71df-8301-4d1b-a8ba-5d36939dcb51",
              "parentUUID": "6b9bd77d-265b-4195-aaa8-2235ea170e52",
              "isHook": false,
              "skipped": false
            },
            {
              "title": "User signs up with valid data",
              "fullTitle": "Verify Sign up User signs up with valid data",
              "timedOut": null,
              "duration": 1270,
              "state": "passed",
              "speed": "fast",
              "pass": true,
              "fail": false,
              "pending": false,
              "context": null,
              "code": "const state = window.testState;\nreturn cy\n  .then(() => state.onStartScenario(scenario, indexedSteps))\n  .then(() =>\n    resolveAndRunBeforeHooks.call(this, scenario.tags, state.feature.name)\n  )\n  .then(() =>\n    indexedSteps.forEach((step) =>\n      stepTest.call(this, state, step, rowData)\n    )\n  )\n  .then(() => state.onFinishScenario(scenario));",
              "err": {},
              "uuid": "6decfcf4-82c8-4868-9f13-bff387a26331",
              "parentUUID": "6b9bd77d-265b-4195-aaa8-2235ea170e52",
              "isHook": false,
              "skipped": false
            }
          ],
          "suites": [],
          "passes": [
            "d593c0eb-fa35-4dbb-88e8-6d758b24f1f7",
            "ffe2c9c0-be99-41dd-8912-d2b54ef43f24",
            "85ed71df-8301-4d1b-a8ba-5d36939dcb51",
            "6decfcf4-82c8-4868-9f13-bff387a26331"
          ],
          "failures": [],
          "pending": [],
          "skipped": [],
          "duration": 5442,
          "root": false,
          "rootEmpty": false,
          "_timeout": 2000
        }
      ],
      "passes": [],
      "failures": [],
      "pending": [],
      "skipped": [],
      "duration": 0,
      "root": true,
      "rootEmpty": true,
      "_timeout": 2000
    }
  ],
  "meta": {
    "mocha": {
      "version": "7.0.1"
    },
    "mochawesome": {
      "options": {
        "quiet": false,
        "reportFilename": "mochawesome",
        "saveHtml": true,
        "saveJson": true,
        "consoleReporter": "spec",
        "useInlineDiffs": false,
        "code": true
      },
      "version": "6.3.1"
    },
    "marge": {
      "options": {
        "reportDir": "mochawesome-report",
        "overwrite": false,
        "html": true,
        "json": true
      },
      "version": "5.2.0"
    }
  }
}