{
  "stats": {
    "suites": 1,
    "tests": 4,
    "passes": 4,
    "pending": 0,
    "failures": 0,
    "start": "2024-07-29T17:07:29.314Z",
    "end": "2024-07-29T17:07:34.446Z",
    "duration": 5132,
    "testsRegistered": 4,
    "passPercent": 100,
    "pendingPercent": 0,
    "other": 0,
    "hasOther": false,
    "skipped": 0,
    "hasSkipped": false
  },
  "results": [
    {
      "uuid": "2b8779bf-30dc-460f-b527-2d24a94c468e",
      "title": "",
      "fullFile": "cypress\\e2e\\tests\\signup.feature",
      "file": "cypress\\e2e\\tests\\signup.feature",
      "beforeHooks": [],
      "afterHooks": [],
      "tests": [],
      "suites": [
        {
          "uuid": "dc0fabf3-fcfb-4fc1-85a9-d3176cfe7f56",
          "title": "Verify Sign up",
          "fullFile": "",
          "file": "",
          "beforeHooks": [],
          "afterHooks": [],
          "tests": [
            {
              "title": "User signs up with empty Username",
              "fullTitle": "Verify Sign up User signs up with empty Username",
              "timedOut": null,
              "duration": 1605,
              "state": "passed",
              "speed": "fast",
              "pass": true,
              "fail": false,
              "pending": false,
              "context": null,
              "code": "const state = window.testState;\nreturn cy\n  .then(() => state.onStartScenario(scenario, indexedSteps))\n  .then(() =>\n    resolveAndRunBeforeHooks.call(this, scenario.tags, state.feature.name)\n  )\n  .then(() =>\n    indexedSteps.forEach((step) =>\n      stepTest.call(this, state, step, rowData)\n    )\n  )\n  .then(() => state.onFinishScenario(scenario));",
              "err": {},
              "uuid": "8875eea4-98ce-46b6-8a4a-93e56e761ff2",
              "parentUUID": "dc0fabf3-fcfb-4fc1-85a9-d3176cfe7f56",
              "isHook": false,
              "skipped": false
            },
            {
              "title": "User signs up with empty Email",
              "fullTitle": "Verify Sign up User signs up with empty Email",
              "timedOut": null,
              "duration": 890,
              "state": "passed",
              "speed": "fast",
              "pass": true,
              "fail": false,
              "pending": false,
              "context": null,
              "code": "const state = window.testState;\nreturn cy\n  .then(() => state.onStartScenario(scenario, indexedSteps))\n  .then(() =>\n    resolveAndRunBeforeHooks.call(this, scenario.tags, state.feature.name)\n  )\n  .then(() =>\n    indexedSteps.forEach((step) =>\n      stepTest.call(this, state, step, rowData)\n    )\n  )\n  .then(() => state.onFinishScenario(scenario));",
              "err": {},
              "uuid": "3187bcda-982f-444b-a84a-151190254bdc",
              "parentUUID": "dc0fabf3-fcfb-4fc1-85a9-d3176cfe7f56",
              "isHook": false,
              "skipped": false
            },
            {
              "title": "User signs up with empty Password",
              "fullTitle": "Verify Sign up User signs up with empty Password",
              "timedOut": null,
              "duration": 888,
              "state": "passed",
              "speed": "fast",
              "pass": true,
              "fail": false,
              "pending": false,
              "context": null,
              "code": "const state = window.testState;\nreturn cy\n  .then(() => state.onStartScenario(scenario, indexedSteps))\n  .then(() =>\n    resolveAndRunBeforeHooks.call(this, scenario.tags, state.feature.name)\n  )\n  .then(() =>\n    indexedSteps.forEach((step) =>\n      stepTest.call(this, state, step, rowData)\n    )\n  )\n  .then(() => state.onFinishScenario(scenario));",
              "err": {},
              "uuid": "830b5024-3e88-404e-b4c0-c9d452102f2c",
              "parentUUID": "dc0fabf3-fcfb-4fc1-85a9-d3176cfe7f56",
              "isHook": false,
              "skipped": false
            },
            {
              "title": "User signs up with valid data",
              "fullTitle": "Verify Sign up User signs up with valid data",
              "timedOut": null,
              "duration": 1631,
              "state": "passed",
              "speed": "fast",
              "pass": true,
              "fail": false,
              "pending": false,
              "context": null,
              "code": "const state = window.testState;\nreturn cy\n  .then(() => state.onStartScenario(scenario, indexedSteps))\n  .then(() =>\n    resolveAndRunBeforeHooks.call(this, scenario.tags, state.feature.name)\n  )\n  .then(() =>\n    indexedSteps.forEach((step) =>\n      stepTest.call(this, state, step, rowData)\n    )\n  )\n  .then(() => state.onFinishScenario(scenario));",
              "err": {},
              "uuid": "9648a355-f353-4f69-88fb-a9b7912e1bba",
              "parentUUID": "dc0fabf3-fcfb-4fc1-85a9-d3176cfe7f56",
              "isHook": false,
              "skipped": false
            }
          ],
          "suites": [],
          "passes": [
            "8875eea4-98ce-46b6-8a4a-93e56e761ff2",
            "3187bcda-982f-444b-a84a-151190254bdc",
            "830b5024-3e88-404e-b4c0-c9d452102f2c",
            "9648a355-f353-4f69-88fb-a9b7912e1bba"
          ],
          "failures": [],
          "pending": [],
          "skipped": [],
          "duration": 5014,
          "root": false,
          "rootEmpty": false,
          "_timeout": 2000
        }
      ],
      "passes": [],
      "failures": [],
      "pending": [],
      "skipped": [],
      "duration": 0,
      "root": true,
      "rootEmpty": true,
      "_timeout": 2000
    }
  ],
  "meta": {
    "mocha": {
      "version": "7.0.1"
    },
    "mochawesome": {
      "options": {
        "quiet": false,
        "reportFilename": "mochawesome",
        "saveHtml": true,
        "saveJson": true,
        "consoleReporter": "spec",
        "useInlineDiffs": false,
        "code": true
      },
      "version": "6.3.1"
    },
    "marge": {
      "options": {
        "reportDir": "mochawesome-report",
        "overwrite": false,
        "html": true,
        "json": true
      },
      "version": "5.2.0"
    }
  }
}