{
  "stats": {
    "suites": 1,
    "tests": 3,
    "passes": 3,
    "pending": 0,
    "failures": 0,
    "start": "2024-07-29T16:55:52.588Z",
    "end": "2024-07-29T16:55:56.835Z",
    "duration": 4247,
    "testsRegistered": 3,
    "passPercent": 100,
    "pendingPercent": 0,
    "other": 0,
    "hasOther": false,
    "skipped": 0,
    "hasSkipped": false
  },
  "results": [
    {
      "uuid": "db3d6b2f-a4dd-4ec1-b665-55ebd5264fc9",
      "title": "",
      "fullFile": "cypress\\e2e\\tests\\signin.feature",
      "file": "cypress\\e2e\\tests\\signin.feature",
      "beforeHooks": [],
      "afterHooks": [],
      "tests": [],
      "suites": [
        {
          "uuid": "4bb37d98-92eb-4648-b520-b5e8e73ffe7d",
          "title": "Verify Sign in",
          "fullFile": "",
          "file": "",
          "beforeHooks": [],
          "afterHooks": [],
          "tests": [
            {
              "title": "User signs in with valid data",
              "fullTitle": "Verify Sign in User signs in with valid data",
              "timedOut": null,
              "duration": 1859,
              "state": "passed",
              "speed": "fast",
              "pass": true,
              "fail": false,
              "pending": false,
              "context": null,
              "code": "const state = window.testState;\nreturn cy\n  .then(() => state.onStartScenario(scenario, indexedSteps))\n  .then(() =>\n    resolveAndRunBeforeHooks.call(this, scenario.tags, state.feature.name)\n  )\n  .then(() =>\n    indexedSteps.forEach((step) =>\n      stepTest.call(this, state, step, rowData)\n    )\n  )\n  .then(() => state.onFinishScenario(scenario));",
              "err": {},
              "uuid": "bca02cbc-431c-4b45-9e9c-5586aec7c5d2",
              "parentUUID": "4bb37d98-92eb-4648-b520-b5e8e73ffe7d",
              "isHook": false,
              "skipped": false
            },
            {
              "title": "User signs in with invalid Password",
              "fullTitle": "Verify Sign in User signs in with invalid Password",
              "timedOut": null,
              "duration": 1360,
              "state": "passed",
              "speed": "fast",
              "pass": true,
              "fail": false,
              "pending": false,
              "context": null,
              "code": "const state = window.testState;\nreturn cy\n  .then(() => state.onStartScenario(scenario, indexedSteps))\n  .then(() =>\n    resolveAndRunBeforeHooks.call(this, scenario.tags, state.feature.name)\n  )\n  .then(() =>\n    indexedSteps.forEach((step) =>\n      stepTest.call(this, state, step, rowData)\n    )\n  )\n  .then(() => state.onFinishScenario(scenario));",
              "err": {},
              "uuid": "9e708bb3-1aaf-4fb8-9032-07788c10a707",
              "parentUUID": "4bb37d98-92eb-4648-b520-b5e8e73ffe7d",
              "isHook": false,
              "skipped": false
            },
            {
              "title": "User signs in with invalid Email",
              "fullTitle": "Verify Sign in User signs in with invalid Email",
              "timedOut": null,
              "duration": 937,
              "state": "passed",
              "speed": "fast",
              "pass": true,
              "fail": false,
              "pending": false,
              "context": null,
              "code": "const state = window.testState;\nreturn cy\n  .then(() => state.onStartScenario(scenario, indexedSteps))\n  .then(() =>\n    resolveAndRunBeforeHooks.call(this, scenario.tags, state.feature.name)\n  )\n  .then(() =>\n    indexedSteps.forEach((step) =>\n      stepTest.call(this, state, step, rowData)\n    )\n  )\n  .then(() => state.onFinishScenario(scenario));",
              "err": {},
              "uuid": "09c57b4d-3311-412f-b363-2dbf96ea066b",
              "parentUUID": "4bb37d98-92eb-4648-b520-b5e8e73ffe7d",
              "isHook": false,
              "skipped": false
            }
          ],
          "suites": [],
          "passes": [
            "bca02cbc-431c-4b45-9e9c-5586aec7c5d2",
            "9e708bb3-1aaf-4fb8-9032-07788c10a707",
            "09c57b4d-3311-412f-b363-2dbf96ea066b"
          ],
          "failures": [],
          "pending": [],
          "skipped": [],
          "duration": 4156,
          "root": false,
          "rootEmpty": false,
          "_timeout": 2000
        }
      ],
      "passes": [],
      "failures": [],
      "pending": [],
      "skipped": [],
      "duration": 0,
      "root": true,
      "rootEmpty": true,
      "_timeout": 2000
    }
  ],
  "meta": {
    "mocha": {
      "version": "7.0.1"
    },
    "mochawesome": {
      "options": {
        "quiet": false,
        "reportFilename": "mochawesome",
        "saveHtml": true,
        "saveJson": true,
        "consoleReporter": "spec",
        "useInlineDiffs": false,
        "code": true
      },
      "version": "6.3.1"
    },
    "marge": {
      "options": {
        "reportDir": "mochawesome-report",
        "overwrite": false,
        "html": true,
        "json": true
      },
      "version": "5.2.0"
    }
  }
}