{
  "stats": {
    "suites": 1,
    "tests": 4,
    "passes": 4,
    "pending": 0,
    "failures": 0,
    "start": "2024-07-29T16:58:37.996Z",
    "end": "2024-07-29T16:58:39.184Z",
    "duration": 1188,
    "testsRegistered": 4,
    "passPercent": 100,
    "pendingPercent": 0,
    "other": 0,
    "hasOther": false,
    "skipped": 0,
    "hasSkipped": false
  },
  "results": [
    {
      "uuid": "1b506102-920d-4c82-9ccd-a975401dd9b4",
      "title": "",
      "fullFile": "cypress\\e2e\\tests\\navigation.feature",
      "file": "cypress\\e2e\\tests\\navigation.feature",
      "beforeHooks": [],
      "afterHooks": [],
      "tests": [],
      "suites": [
        {
          "uuid": "1381a653-0a6f-4d90-b1be-93fa5333a389",
          "title": "Verify links",
          "fullFile": "",
          "file": "",
          "beforeHooks": [],
          "afterHooks": [],
          "tests": [
            {
              "title": "User click header logo",
              "fullTitle": "Verify links User click header logo",
              "timedOut": null,
              "duration": 472,
              "state": "passed",
              "speed": "fast",
              "pass": true,
              "fail": false,
              "pending": false,
              "context": null,
              "code": "const state = window.testState;\nreturn cy\n  .then(() => state.onStartScenario(scenario, indexedSteps))\n  .then(() =>\n    resolveAndRunBeforeHooks.call(this, scenario.tags, state.feature.name)\n  )\n  .then(() =>\n    indexedSteps.forEach((step) =>\n      stepTest.call(this, state, step, rowData)\n    )\n  )\n  .then(() => state.onFinishScenario(scenario));",
              "err": {},
              "uuid": "832d0b97-4c4b-4d95-8889-ae09001d5ae1",
              "parentUUID": "1381a653-0a6f-4d90-b1be-93fa5333a389",
              "isHook": false,
              "skipped": false
            },
            {
              "title": "User click Home button",
              "fullTitle": "Verify links User click Home button",
              "timedOut": null,
              "duration": 239,
              "state": "passed",
              "speed": "fast",
              "pass": true,
              "fail": false,
              "pending": false,
              "context": null,
              "code": "const state = window.testState;\nreturn cy\n  .then(() => state.onStartScenario(scenario, indexedSteps))\n  .then(() =>\n    resolveAndRunBeforeHooks.call(this, scenario.tags, state.feature.name)\n  )\n  .then(() =>\n    indexedSteps.forEach((step) =>\n      stepTest.call(this, state, step, rowData)\n    )\n  )\n  .then(() => state.onFinishScenario(scenario));",
              "err": {},
              "uuid": "f8c63345-2221-4557-926e-72b0b0c26bef",
              "parentUUID": "1381a653-0a6f-4d90-b1be-93fa5333a389",
              "isHook": false,
              "skipped": false
            },
            {
              "title": "User click footer logo",
              "fullTitle": "Verify links User click footer logo",
              "timedOut": null,
              "duration": 240,
              "state": "passed",
              "speed": "fast",
              "pass": true,
              "fail": false,
              "pending": false,
              "context": null,
              "code": "const state = window.testState;\nreturn cy\n  .then(() => state.onStartScenario(scenario, indexedSteps))\n  .then(() =>\n    resolveAndRunBeforeHooks.call(this, scenario.tags, state.feature.name)\n  )\n  .then(() =>\n    indexedSteps.forEach((step) =>\n      stepTest.call(this, state, step, rowData)\n    )\n  )\n  .then(() => state.onFinishScenario(scenario));",
              "err": {},
              "uuid": "c749fd99-dd3e-4e2b-b4c1-b4f3f6276a75",
              "parentUUID": "1381a653-0a6f-4d90-b1be-93fa5333a389",
              "isHook": false,
              "skipped": false
            },
            {
              "title": "User click \"Thinkster\"",
              "fullTitle": "Verify links User click \"Thinkster\"",
              "timedOut": null,
              "duration": 151,
              "state": "passed",
              "speed": "fast",
              "pass": true,
              "fail": false,
              "pending": false,
              "context": null,
              "code": "const state = window.testState;\nreturn cy\n  .then(() => state.onStartScenario(scenario, indexedSteps))\n  .then(() =>\n    resolveAndRunBeforeHooks.call(this, scenario.tags, state.feature.name)\n  )\n  .then(() =>\n    indexedSteps.forEach((step) =>\n      stepTest.call(this, state, step, rowData)\n    )\n  )\n  .then(() => state.onFinishScenario(scenario));",
              "err": {},
              "uuid": "d66e5e5d-6f75-4fbd-af53-6eeef3ecf2ff",
              "parentUUID": "1381a653-0a6f-4d90-b1be-93fa5333a389",
              "isHook": false,
              "skipped": false
            }
          ],
          "suites": [],
          "passes": [
            "832d0b97-4c4b-4d95-8889-ae09001d5ae1",
            "f8c63345-2221-4557-926e-72b0b0c26bef",
            "c749fd99-dd3e-4e2b-b4c1-b4f3f6276a75",
            "d66e5e5d-6f75-4fbd-af53-6eeef3ecf2ff"
          ],
          "failures": [],
          "pending": [],
          "skipped": [],
          "duration": 1102,
          "root": false,
          "rootEmpty": false,
          "_timeout": 2000
        }
      ],
      "passes": [],
      "failures": [],
      "pending": [],
      "skipped": [],
      "duration": 0,
      "root": true,
      "rootEmpty": true,
      "_timeout": 2000
    }
  ],
  "meta": {
    "mocha": {
      "version": "7.0.1"
    },
    "mochawesome": {
      "options": {
        "quiet": false,
        "reportFilename": "mochawesome",
        "saveHtml": true,
        "saveJson": true,
        "consoleReporter": "spec",
        "useInlineDiffs": false,
        "code": true
      },
      "version": "6.3.1"
    },
    "marge": {
      "options": {
        "reportDir": "mochawesome-report",
        "overwrite": false,
        "html": true,
        "json": true
      },
      "version": "5.2.0"
    }
  }
}