{
  "stats": {
    "suites": 1,
    "tests": 3,
    "passes": 3,
    "pending": 0,
    "failures": 0,
    "start": "2024-07-29T17:06:57.022Z",
    "end": "2024-07-29T17:07:08.722Z",
    "duration": 11700,
    "testsRegistered": 3,
    "passPercent": 100,
    "pendingPercent": 0,
    "other": 0,
    "hasOther": false,
    "skipped": 0,
    "hasSkipped": false
  },
  "results": [
    {
      "uuid": "9298e8c1-b1a2-429f-91f7-d4a7caba0943",
      "title": "",
      "fullFile": "cypress\\e2e\\tests\\article.feature",
      "file": "cypress\\e2e\\tests\\article.feature",
      "beforeHooks": [],
      "afterHooks": [],
      "tests": [],
      "suites": [
        {
          "uuid": "52f2010f-da9b-4337-a504-62f9dc147a8a",
          "title": "Verify interaction with Article",
          "fullFile": "",
          "file": "",
          "beforeHooks": [],
          "afterHooks": [],
          "tests": [
            {
              "title": "User likes article",
              "fullTitle": "Verify interaction with Article User likes article",
              "timedOut": null,
              "duration": 5114,
              "state": "passed",
              "speed": "medium",
              "pass": true,
              "fail": false,
              "pending": false,
              "context": null,
              "code": "const state = window.testState;\nreturn cy\n  .then(() => state.onStartScenario(scenario, indexedSteps))\n  .then(() =>\n    resolveAndRunBeforeHooks.call(this, scenario.tags, state.feature.name)\n  )\n  .then(() =>\n    indexedSteps.forEach((step) =>\n      stepTest.call(this, state, step, rowData)\n    )\n  )\n  .then(() => state.onFinishScenario(scenario));",
              "err": {},
              "uuid": "cce6e34e-fcab-418b-b838-64cbf9dc7482",
              "parentUUID": "52f2010f-da9b-4337-a504-62f9dc147a8a",
              "isHook": false,
              "skipped": false
            },
            {
              "title": "User posts comment",
              "fullTitle": "Verify interaction with Article User posts comment",
              "timedOut": null,
              "duration": 3024,
              "state": "passed",
              "speed": "fast",
              "pass": true,
              "fail": false,
              "pending": false,
              "context": null,
              "code": "const state = window.testState;\nreturn cy\n  .then(() => state.onStartScenario(scenario, indexedSteps))\n  .then(() =>\n    resolveAndRunBeforeHooks.call(this, scenario.tags, state.feature.name)\n  )\n  .then(() =>\n    indexedSteps.forEach((step) =>\n      stepTest.call(this, state, step, rowData)\n    )\n  )\n  .then(() => state.onFinishScenario(scenario));",
              "err": {},
              "uuid": "9d7c0674-368d-418e-a166-a75c43012e3e",
              "parentUUID": "52f2010f-da9b-4337-a504-62f9dc147a8a",
              "isHook": false,
              "skipped": false
            },
            {
              "title": "User likes article",
              "fullTitle": "Verify interaction with Article User likes article",
              "timedOut": null,
              "duration": 3361,
              "state": "passed",
              "speed": "fast",
              "pass": true,
              "fail": false,
              "pending": false,
              "context": null,
              "code": "const state = window.testState;\nreturn cy\n  .then(() => state.onStartScenario(scenario, indexedSteps))\n  .then(() =>\n    resolveAndRunBeforeHooks.call(this, scenario.tags, state.feature.name)\n  )\n  .then(() =>\n    indexedSteps.forEach((step) =>\n      stepTest.call(this, state, step, rowData)\n    )\n  )\n  .then(() => state.onFinishScenario(scenario));",
              "err": {},
              "uuid": "213de608-af53-4267-91bc-d933f4494cf2",
              "parentUUID": "52f2010f-da9b-4337-a504-62f9dc147a8a",
              "isHook": false,
              "skipped": false
            }
          ],
          "suites": [],
          "passes": [
            "cce6e34e-fcab-418b-b838-64cbf9dc7482",
            "9d7c0674-368d-418e-a166-a75c43012e3e",
            "213de608-af53-4267-91bc-d933f4494cf2"
          ],
          "failures": [],
          "pending": [],
          "skipped": [],
          "duration": 11499,
          "root": false,
          "rootEmpty": false,
          "_timeout": 2000
        }
      ],
      "passes": [],
      "failures": [],
      "pending": [],
      "skipped": [],
      "duration": 0,
      "root": true,
      "rootEmpty": true,
      "_timeout": 2000
    }
  ],
  "meta": {
    "mocha": {
      "version": "7.0.1"
    },
    "mochawesome": {
      "options": {
        "quiet": false,
        "reportFilename": "mochawesome",
        "saveHtml": true,
        "saveJson": true,
        "consoleReporter": "spec",
        "useInlineDiffs": false,
        "code": true
      },
      "version": "6.3.1"
    },
    "marge": {
      "options": {
        "reportDir": "mochawesome-report",
        "overwrite": false,
        "html": true,
        "json": true
      },
      "version": "5.2.0"
    }
  }
}