{
  "stats": {
    "suites": 1,
    "tests": 4,
    "passes": 4,
    "pending": 0,
    "failures": 0,
    "start": "2024-07-29T16:55:48.601Z",
    "end": "2024-07-29T16:55:49.756Z",
    "duration": 1155,
    "testsRegistered": 4,
    "passPercent": 100,
    "pendingPercent": 0,
    "other": 0,
    "hasOther": false,
    "skipped": 0,
    "hasSkipped": false
  },
  "results": [
    {
      "uuid": "af03a6f7-e434-41d9-8cb7-cb18db49e158",
      "title": "",
      "fullFile": "cypress\\e2e\\tests\\navigation.feature",
      "file": "cypress\\e2e\\tests\\navigation.feature",
      "beforeHooks": [],
      "afterHooks": [],
      "tests": [],
      "suites": [
        {
          "uuid": "10611f6e-9c77-405d-abd7-11d18508c228",
          "title": "Verify links",
          "fullFile": "",
          "file": "",
          "beforeHooks": [],
          "afterHooks": [],
          "tests": [
            {
              "title": "User click header logo",
              "fullTitle": "Verify links User click header logo",
              "timedOut": null,
              "duration": 399,
              "state": "passed",
              "speed": "fast",
              "pass": true,
              "fail": false,
              "pending": false,
              "context": null,
              "code": "const state = window.testState;\nreturn cy\n  .then(() => state.onStartScenario(scenario, indexedSteps))\n  .then(() =>\n    resolveAndRunBeforeHooks.call(this, scenario.tags, state.feature.name)\n  )\n  .then(() =>\n    indexedSteps.forEach((step) =>\n      stepTest.call(this, state, step, rowData)\n    )\n  )\n  .then(() => state.onFinishScenario(scenario));",
              "err": {},
              "uuid": "80913e6a-88a6-4ad7-ae86-ec3682b0e7df",
              "parentUUID": "10611f6e-9c77-405d-abd7-11d18508c228",
              "isHook": false,
              "skipped": false
            },
            {
              "title": "User click Home button",
              "fullTitle": "Verify links User click Home button",
              "timedOut": null,
              "duration": 237,
              "state": "passed",
              "speed": "fast",
              "pass": true,
              "fail": false,
              "pending": false,
              "context": null,
              "code": "const state = window.testState;\nreturn cy\n  .then(() => state.onStartScenario(scenario, indexedSteps))\n  .then(() =>\n    resolveAndRunBeforeHooks.call(this, scenario.tags, state.feature.name)\n  )\n  .then(() =>\n    indexedSteps.forEach((step) =>\n      stepTest.call(this, state, step, rowData)\n    )\n  )\n  .then(() => state.onFinishScenario(scenario));",
              "err": {},
              "uuid": "03ae944b-4ded-466d-8494-c8bfd12a0bf1",
              "parentUUID": "10611f6e-9c77-405d-abd7-11d18508c228",
              "isHook": false,
              "skipped": false
            },
            {
              "title": "User click footer logo",
              "fullTitle": "Verify links User click footer logo",
              "timedOut": null,
              "duration": 286,
              "state": "passed",
              "speed": "fast",
              "pass": true,
              "fail": false,
              "pending": false,
              "context": null,
              "code": "const state = window.testState;\nreturn cy\n  .then(() => state.onStartScenario(scenario, indexedSteps))\n  .then(() =>\n    resolveAndRunBeforeHooks.call(this, scenario.tags, state.feature.name)\n  )\n  .then(() =>\n    indexedSteps.forEach((step) =>\n      stepTest.call(this, state, step, rowData)\n    )\n  )\n  .then(() => state.onFinishScenario(scenario));",
              "err": {},
              "uuid": "1545d29d-76e8-43c7-a169-ed26bdd76914",
              "parentUUID": "10611f6e-9c77-405d-abd7-11d18508c228",
              "isHook": false,
              "skipped": false
            },
            {
              "title": "User click \"Thinkster\"",
              "fullTitle": "Verify links User click \"Thinkster\"",
              "timedOut": null,
              "duration": 150,
              "state": "passed",
              "speed": "fast",
              "pass": true,
              "fail": false,
              "pending": false,
              "context": null,
              "code": "const state = window.testState;\nreturn cy\n  .then(() => state.onStartScenario(scenario, indexedSteps))\n  .then(() =>\n    resolveAndRunBeforeHooks.call(this, scenario.tags, state.feature.name)\n  )\n  .then(() =>\n    indexedSteps.forEach((step) =>\n      stepTest.call(this, state, step, rowData)\n    )\n  )\n  .then(() => state.onFinishScenario(scenario));",
              "err": {},
              "uuid": "9cdd096f-1385-402a-8c58-b40f4c96c8db",
              "parentUUID": "10611f6e-9c77-405d-abd7-11d18508c228",
              "isHook": false,
              "skipped": false
            }
          ],
          "suites": [],
          "passes": [
            "80913e6a-88a6-4ad7-ae86-ec3682b0e7df",
            "03ae944b-4ded-466d-8494-c8bfd12a0bf1",
            "1545d29d-76e8-43c7-a169-ed26bdd76914",
            "9cdd096f-1385-402a-8c58-b40f4c96c8db"
          ],
          "failures": [],
          "pending": [],
          "skipped": [],
          "duration": 1072,
          "root": false,
          "rootEmpty": false,
          "_timeout": 2000
        }
      ],
      "passes": [],
      "failures": [],
      "pending": [],
      "skipped": [],
      "duration": 0,
      "root": true,
      "rootEmpty": true,
      "_timeout": 2000
    }
  ],
  "meta": {
    "mocha": {
      "version": "7.0.1"
    },
    "mochawesome": {
      "options": {
        "quiet": false,
        "reportFilename": "mochawesome",
        "saveHtml": true,
        "saveJson": true,
        "consoleReporter": "spec",
        "useInlineDiffs": false,
        "code": true
      },
      "version": "6.3.1"
    },
    "marge": {
      "options": {
        "reportDir": "mochawesome-report",
        "overwrite": false,
        "html": true,
        "json": true
      },
      "version": "5.2.0"
    }
  }
}