{
  "stats": {
    "suites": 1,
    "tests": 4,
    "passes": 4,
    "pending": 0,
    "failures": 0,
    "start": "2024-07-29T16:58:49.593Z",
    "end": "2024-07-29T16:58:55.185Z",
    "duration": 5592,
    "testsRegistered": 4,
    "passPercent": 100,
    "pendingPercent": 0,
    "other": 0,
    "hasOther": false,
    "skipped": 0,
    "hasSkipped": false
  },
  "results": [
    {
      "uuid": "f7b2a02f-c522-4149-9afb-abe9f3ed0020",
      "title": "",
      "fullFile": "cypress\\e2e\\tests\\signup.feature",
      "file": "cypress\\e2e\\tests\\signup.feature",
      "beforeHooks": [],
      "afterHooks": [],
      "tests": [],
      "suites": [
        {
          "uuid": "48739cce-eeb4-47c5-a456-bff7340bd8cf",
          "title": "Verify Sign up",
          "fullFile": "",
          "file": "",
          "beforeHooks": [],
          "afterHooks": [],
          "tests": [
            {
              "title": "User signs up with empty Username",
              "fullTitle": "Verify Sign up User signs up with empty Username",
              "timedOut": null,
              "duration": 2247,
              "state": "passed",
              "speed": "fast",
              "pass": true,
              "fail": false,
              "pending": false,
              "context": null,
              "code": "const state = window.testState;\nreturn cy\n  .then(() => state.onStartScenario(scenario, indexedSteps))\n  .then(() =>\n    resolveAndRunBeforeHooks.call(this, scenario.tags, state.feature.name)\n  )\n  .then(() =>\n    indexedSteps.forEach((step) =>\n      stepTest.call(this, state, step, rowData)\n    )\n  )\n  .then(() => state.onFinishScenario(scenario));",
              "err": {},
              "uuid": "1cb1cc73-0716-41f0-9d52-c93d4f000cd5",
              "parentUUID": "48739cce-eeb4-47c5-a456-bff7340bd8cf",
              "isHook": false,
              "skipped": false
            },
            {
              "title": "User signs up with empty Email",
              "fullTitle": "Verify Sign up User signs up with empty Email",
              "timedOut": null,
              "duration": 925,
              "state": "passed",
              "speed": "fast",
              "pass": true,
              "fail": false,
              "pending": false,
              "context": null,
              "code": "const state = window.testState;\nreturn cy\n  .then(() => state.onStartScenario(scenario, indexedSteps))\n  .then(() =>\n    resolveAndRunBeforeHooks.call(this, scenario.tags, state.feature.name)\n  )\n  .then(() =>\n    indexedSteps.forEach((step) =>\n      stepTest.call(this, state, step, rowData)\n    )\n  )\n  .then(() => state.onFinishScenario(scenario));",
              "err": {},
              "uuid": "ccba7382-b9cc-424a-a1b3-50ce28ed9eb0",
              "parentUUID": "48739cce-eeb4-47c5-a456-bff7340bd8cf",
              "isHook": false,
              "skipped": false
            },
            {
              "title": "User signs up with empty Password",
              "fullTitle": "Verify Sign up User signs up with empty Password",
              "timedOut": null,
              "duration": 913,
              "state": "passed",
              "speed": "fast",
              "pass": true,
              "fail": false,
              "pending": false,
              "context": null,
              "code": "const state = window.testState;\nreturn cy\n  .then(() => state.onStartScenario(scenario, indexedSteps))\n  .then(() =>\n    resolveAndRunBeforeHooks.call(this, scenario.tags, state.feature.name)\n  )\n  .then(() =>\n    indexedSteps.forEach((step) =>\n      stepTest.call(this, state, step, rowData)\n    )\n  )\n  .then(() => state.onFinishScenario(scenario));",
              "err": {},
              "uuid": "066296f2-67d7-4e7e-a90f-cb0ae5f93d22",
              "parentUUID": "48739cce-eeb4-47c5-a456-bff7340bd8cf",
              "isHook": false,
              "skipped": false
            },
            {
              "title": "User signs up with valid data",
              "fullTitle": "Verify Sign up User signs up with valid data",
              "timedOut": null,
              "duration": 1354,
              "state": "passed",
              "speed": "fast",
              "pass": true,
              "fail": false,
              "pending": false,
              "context": null,
              "code": "const state = window.testState;\nreturn cy\n  .then(() => state.onStartScenario(scenario, indexedSteps))\n  .then(() =>\n    resolveAndRunBeforeHooks.call(this, scenario.tags, state.feature.name)\n  )\n  .then(() =>\n    indexedSteps.forEach((step) =>\n      stepTest.call(this, state, step, rowData)\n    )\n  )\n  .then(() => state.onFinishScenario(scenario));",
              "err": {},
              "uuid": "481ad8c1-d5c3-4acc-b1eb-37dd1871b3cd",
              "parentUUID": "48739cce-eeb4-47c5-a456-bff7340bd8cf",
              "isHook": false,
              "skipped": false
            }
          ],
          "suites": [],
          "passes": [
            "1cb1cc73-0716-41f0-9d52-c93d4f000cd5",
            "ccba7382-b9cc-424a-a1b3-50ce28ed9eb0",
            "066296f2-67d7-4e7e-a90f-cb0ae5f93d22",
            "481ad8c1-d5c3-4acc-b1eb-37dd1871b3cd"
          ],
          "failures": [],
          "pending": [],
          "skipped": [],
          "duration": 5439,
          "root": false,
          "rootEmpty": false,
          "_timeout": 2000
        }
      ],
      "passes": [],
      "failures": [],
      "pending": [],
      "skipped": [],
      "duration": 0,
      "root": true,
      "rootEmpty": true,
      "_timeout": 2000
    }
  ],
  "meta": {
    "mocha": {
      "version": "7.0.1"
    },
    "mochawesome": {
      "options": {
        "quiet": false,
        "reportFilename": "mochawesome",
        "saveHtml": true,
        "saveJson": true,
        "consoleReporter": "spec",
        "useInlineDiffs": false,
        "code": true
      },
      "version": "6.3.1"
    },
    "marge": {
      "options": {
        "reportDir": "mochawesome-report",
        "overwrite": false,
        "html": true,
        "json": true
      },
      "version": "5.2.0"
    }
  }
}