{
  "stats": {
    "suites": 1,
    "tests": 3,
    "passes": 3,
    "pending": 0,
    "failures": 0,
    "start": "2024-07-29T14:42:42.360Z",
    "end": "2024-07-29T14:42:48.829Z",
    "duration": 6469,
    "testsRegistered": 3,
    "passPercent": 100,
    "pendingPercent": 0,
    "other": 0,
    "hasOther": false,
    "skipped": 0,
    "hasSkipped": false
  },
  "results": [
    {
      "uuid": "1670a78e-9394-4759-a4c9-98c847674161",
      "title": "",
      "fullFile": "cypress\\e2e\\tests\\signin.feature",
      "file": "cypress\\e2e\\tests\\signin.feature",
      "beforeHooks": [],
      "afterHooks": [],
      "tests": [],
      "suites": [
        {
          "uuid": "9b13f8ad-ffc1-4045-9cba-5587ab5b3612",
          "title": "Verify Sign in",
          "fullFile": "",
          "file": "",
          "beforeHooks": [],
          "afterHooks": [],
          "tests": [
            {
              "title": "User signs in with valid data",
              "fullTitle": "Verify Sign in User signs in with valid data",
              "timedOut": null,
              "duration": 2935,
              "state": "passed",
              "speed": "fast",
              "pass": true,
              "fail": false,
              "pending": false,
              "context": null,
              "code": "const state = window.testState;\nreturn cy\n  .then(() => state.onStartScenario(scenario, indexedSteps))\n  .then(() =>\n    resolveAndRunBeforeHooks.call(this, scenario.tags, state.feature.name)\n  )\n  .then(() =>\n    indexedSteps.forEach((step) =>\n      stepTest.call(this, state, step, rowData)\n    )\n  )\n  .then(() => state.onFinishScenario(scenario));",
              "err": {},
              "uuid": "14122fb7-32d1-464d-afb7-50a2db0d5e48",
              "parentUUID": "9b13f8ad-ffc1-4045-9cba-5587ab5b3612",
              "isHook": false,
              "skipped": false
            },
            {
              "title": "User signs in with invalid Password",
              "fullTitle": "Verify Sign in User signs in with invalid Password",
              "timedOut": null,
              "duration": 2022,
              "state": "passed",
              "speed": "fast",
              "pass": true,
              "fail": false,
              "pending": false,
              "context": null,
              "code": "const state = window.testState;\nreturn cy\n  .then(() => state.onStartScenario(scenario, indexedSteps))\n  .then(() =>\n    resolveAndRunBeforeHooks.call(this, scenario.tags, state.feature.name)\n  )\n  .then(() =>\n    indexedSteps.forEach((step) =>\n      stepTest.call(this, state, step, rowData)\n    )\n  )\n  .then(() => state.onFinishScenario(scenario));",
              "err": {},
              "uuid": "e0959aeb-01d4-47c1-951b-632d7bf4cc55",
              "parentUUID": "9b13f8ad-ffc1-4045-9cba-5587ab5b3612",
              "isHook": false,
              "skipped": false
            },
            {
              "title": "User signs in with invalid Email",
              "fullTitle": "Verify Sign in User signs in with invalid Email",
              "timedOut": null,
              "duration": 1250,
              "state": "passed",
              "speed": "fast",
              "pass": true,
              "fail": false,
              "pending": false,
              "context": null,
              "code": "const state = window.testState;\nreturn cy\n  .then(() => state.onStartScenario(scenario, indexedSteps))\n  .then(() =>\n    resolveAndRunBeforeHooks.call(this, scenario.tags, state.feature.name)\n  )\n  .then(() =>\n    indexedSteps.forEach((step) =>\n      stepTest.call(this, state, step, rowData)\n    )\n  )\n  .then(() => state.onFinishScenario(scenario));",
              "err": {},
              "uuid": "9c24582f-d144-475c-8980-1ebb76ef6609",
              "parentUUID": "9b13f8ad-ffc1-4045-9cba-5587ab5b3612",
              "isHook": false,
              "skipped": false
            }
          ],
          "suites": [],
          "passes": [
            "14122fb7-32d1-464d-afb7-50a2db0d5e48",
            "e0959aeb-01d4-47c1-951b-632d7bf4cc55",
            "9c24582f-d144-475c-8980-1ebb76ef6609"
          ],
          "failures": [],
          "pending": [],
          "skipped": [],
          "duration": 6207,
          "root": false,
          "rootEmpty": false,
          "_timeout": 2000
        }
      ],
      "passes": [],
      "failures": [],
      "pending": [],
      "skipped": [],
      "duration": 0,
      "root": true,
      "rootEmpty": true,
      "_timeout": 2000
    }
  ],
  "meta": {
    "mocha": {
      "version": "7.0.1"
    },
    "mochawesome": {
      "options": {
        "quiet": false,
        "reportFilename": "mochawesome",
        "saveHtml": true,
        "saveJson": true,
        "consoleReporter": "spec",
        "useInlineDiffs": false,
        "code": true
      },
      "version": "6.3.1"
    },
    "marge": {
      "options": {
        "reportDir": "mochawesome-report",
        "overwrite": false,
        "html": true,
        "json": true
      },
      "version": "5.2.0"
    }
  }
}